[Tue 24 Jan 2023 10:08:24 AM CET]
../../executables/dijkstradd64.exe;9426
../../executables/dijkstradd64.exe;9793
../../executables/dijkstradd64.exe;9428
../../executables/dijkstradd64.exe;9420
../../executables/dijkstradd64.exe;9581
../../executables/dijkstradd64.exe;9844
../../executables/dijkstradd64.exe;9439
../../executables/dijkstradd64.exe;9445
../../executables/dijkstradd64.exe;9592
../../executables/dijkstradd64.exe;9851
../../executables/dijkstradd64.exe;9545
../../executables/dijkstradd64.exe;9424
../../executables/dijkstradd64.exe;9424
../../executables/dijkstradd64.exe;9431
../../executables/dijkstradd64.exe;9429
../../executables/dijkstradd64.exe;9579
../../executables/dijkstradd64.exe;9581
../../executables/dijkstradd64.exe;9447
../../executables/dijkstradd64.exe;9792
../../executables/dijkstradd64.exe;9852
../../executables/dijkstradd64.exe;9433
../../executables/dijkstradd64.exe;9439
../../executables/dijkstradd64.exe;9519
../../executables/dijkstradd64.exe;9452
../../executables/dijkstradd64.exe;9573
../../executables/dijkstradd64.exe;9436
../../executables/dijkstradd64.exe;9849
../../executables/dijkstradd64.exe;9554
../../executables/dijkstradd64.exe;9803
../../executables/dijkstradd64.exe;9432
../../executables/dijkstradd64.exe;9545
../../executables/dijkstradd64.exe;9548
../../executables/dijkstradd64.exe;9541
../../executables/dijkstradd64.exe;9806
../../executables/dijkstradd64.exe;9426
../../executables/dijkstradd64.exe;9558
../../executables/dijkstradd64.exe;9798
../../executables/dijkstradd64.exe;9447
../../executables/dijkstradd64.exe;9436
../../executables/dijkstradd64.exe;9823
../../executables/dijkstradd64.exe;9845
../../executables/dijkstradd64.exe;9810
../../executables/dijkstradd64.exe;9438
../../executables/dijkstradd64.exe;9430
../../executables/dijkstradd64.exe;9547
../../executables/dijkstradd64.exe;9795
../../executables/dijkstradd64.exe;9424
../../executables/dijkstradd64.exe;9845
../../executables/dijkstradd64.exe;9791
../../executables/dijkstradd64.exe;9549
../../executables/dijkstradd64.exe;9538
../../executables/dijkstradd64.exe;9855
../../executables/dijkstradd64.exe;9854
../../executables/dijkstradd64.exe;9429
../../executables/dijkstradd64.exe;9799
../../executables/dijkstradd64.exe;9450
../../executables/dijkstradd64.exe;9852
../../executables/dijkstradd64.exe;9809
../../executables/dijkstradd64.exe;9548
../../executables/dijkstradd64.exe;9807
../../executables/dijkstradd64.exe;9433
../../executables/dijkstradd64.exe;9536
../../executables/dijkstradd64.exe;9809
../../executables/dijkstradd64.exe;9847
../../executables/dijkstradd64.exe;9538
../../executables/dijkstradd64.exe;9803
../../executables/dijkstradd64.exe;9437
../../executables/dijkstradd64.exe;9538
../../executables/dijkstradd64.exe;9536
../../executables/dijkstradd64.exe;9537
../../executables/dijkstradd64.exe;9438
../../executables/dijkstradd64.exe;9814
../../executables/dijkstradd64.exe;9434
../../executables/dijkstradd64.exe;9586
../../executables/dijkstradd64.exe;9809
../../executables/dijkstradd64.exe;9540
../../executables/dijkstradd64.exe;9512
../../executables/dijkstradd64.exe;9441
../../executables/dijkstradd64.exe;9534
../../executables/dijkstradd64.exe;9551
../../executables/dijkstradd64.exe;9797
../../executables/dijkstradd64.exe;9452
../../executables/dijkstradd64.exe;9434
../../executables/dijkstradd64.exe;9439
../../executables/dijkstradd64.exe;9812
../../executables/dijkstradd64.exe;9441
../../executables/dijkstradd64.exe;9429
../../executables/dijkstradd64.exe;9817
../../executables/dijkstradd64.exe;9838
../../executables/dijkstradd64.exe;9585
../../executables/dijkstradd64.exe;9798
../../executables/dijkstradd64.exe;9552
../../executables/dijkstradd64.exe;9538
../../executables/dijkstradd64.exe;9428
../../executables/dijkstradd64.exe;9595
../../executables/dijkstradd64.exe;9813
../../executables/dijkstradd64.exe;9445
../../executables/dijkstradd64.exe;9409
../../executables/dijkstradd64.exe;9777
../../executables/dijkstradd64.exe;9521
../../executables/dijkstradd64.exe;9541
../../executables/dijkstradd64.exe;9446
../../executables/dijkstradd64.exe;9437
../../executables/dijkstradd64.exe;9441
../../executables/dijkstradd64.exe;9591
../../executables/dijkstradd64.exe;9433
../../executables/dijkstradd64.exe;9806
../../executables/dijkstradd64.exe;9517
../../executables/dijkstradd64.exe;9444
../../executables/dijkstradd64.exe;9803
../../executables/dijkstradd64.exe;9547
../../executables/dijkstradd64.exe;9427
../../executables/dijkstradd64.exe;9543
../../executables/dijkstradd64.exe;9441
../../executables/dijkstradd64.exe;9432
../../executables/dijkstradd64.exe;9421
../../executables/dijkstradd64.exe;9437
../../executables/dijkstradd64.exe;9591
../../executables/dijkstradd64.exe;9853
../../executables/dijkstradd64.exe;9540
../../executables/dijkstradd64.exe;9445
../../executables/dijkstradd64.exe;9802
../../executables/dijkstradd64.exe;9438
../../executables/dijkstradd64.exe;9442
../../executables/dijkstradd64.exe;9445
../../executables/dijkstradd64.exe;9550
../../executables/dijkstradd64.exe;9815
../../executables/dijkstradd64.exe;9812
../../executables/dijkstradd64.exe;9843
../../executables/dijkstradd64.exe;9427
../../executables/dijkstradd64.exe;9581
../../executables/dijkstradd64.exe;9428
../../executables/dijkstradd64.exe;9841
../../executables/dijkstradd64.exe;9435
../../executables/dijkstradd64.exe;9423
../../executables/dijkstradd64.exe;9439
../../executables/dijkstradd64.exe;9436
../../executables/dijkstradd64.exe;9442
../../executables/dijkstradd64.exe;9549
../../executables/dijkstradd64.exe;9437
../../executables/dijkstradd64.exe;9556
../../executables/dijkstradd64.exe;9800
../../executables/dijkstradd64.exe;9798
../../executables/dijkstradd64.exe;9431
../../executables/dijkstradd64.exe;9440
../../executables/dijkstradd64.exe;9426
../../executables/dijkstradd64.exe;9543
../../executables/dijkstradd64.exe;9534
../../executables/dijkstradd64.exe;9792
../../executables/dijkstradd64.exe;9416
../../executables/dijkstradd64.exe;9437
../../executables/dijkstradd64.exe;9803
../../executables/dijkstradd64.exe;9415
../../executables/dijkstradd64.exe;9439
../../executables/dijkstradd64.exe;9549
../../executables/dijkstradd64.exe;9851
../../executables/dijkstradd64.exe;9424
../../executables/dijkstradd64.exe;9436
../../executables/dijkstradd64.exe;9588
../../executables/dijkstradd64.exe;9785
../../executables/dijkstradd64.exe;9848
../../executables/dijkstradd64.exe;9437
../../executables/dijkstradd64.exe;9524
../../executables/dijkstradd64.exe;9545
../../executables/dijkstradd64.exe;9531
../../executables/dijkstradd64.exe;9543
../../executables/dijkstradd64.exe;9430
../../executables/dijkstradd64.exe;9428
../../executables/dijkstradd64.exe;9435
../../executables/dijkstradd64.exe;9422
../../executables/dijkstradd64.exe;9542
../../executables/dijkstradd64.exe;9438
../../executables/dijkstradd64.exe;9551
../../executables/dijkstradd64.exe;9801
../../executables/dijkstradd64.exe;9792
../../executables/dijkstradd64.exe;9436
../../executables/dijkstradd64.exe;9426
../../executables/dijkstradd64.exe;9418
../../executables/dijkstradd64.exe;9435
../../executables/dijkstradd64.exe;9547
../../executables/dijkstradd64.exe;9806
../../executables/dijkstradd64.exe;9538
../../executables/dijkstradd64.exe;9520
../../executables/dijkstradd64.exe;9413
../../executables/dijkstradd64.exe;9430
../../executables/dijkstradd64.exe;9444
../../executables/dijkstradd64.exe;9800
../../executables/dijkstradd64.exe;9438
../../executables/dijkstradd64.exe;9550
../../executables/dijkstradd64.exe;9589
../../executables/dijkstradd64.exe;9535
../../executables/dijkstradd64.exe;9797
../../executables/dijkstradd64.exe;9582
../../executables/dijkstradd64.exe;9539
../../executables/dijkstradd64.exe;9418
../../executables/dijkstradd64.exe;9432
../../executables/dijkstradd64.exe;9842
../../executables/dijkstradd64.exe;9443
../../executables/dijkstradd64.exe;9537
../../executables/dijkstradd64.exe;9427
../../executables/dijkstradd64.exe;9812
../../executables/dijkstradd64.exe;9442
../../executables/dijkstradd64.exe;9438
../../executables/dijkstradd64.exe;9802
../../executables/dijkstradd64.exe;9850
../../executables/dijkstradd64.exe;9430
../../executables/dijkstradd64.exe;9552
../../executables/dijkstradd64.exe;9806
../../executables/dijkstradd64.exe;9425
../../executables/dijkstradd64.exe;9811
../../executables/dijkstradd64.exe;9432
../../executables/dijkstradd64.exe;9433
../../executables/dijkstradd64.exe;9441
../../executables/dijkstradd64.exe;9810
../../executables/dijkstradd64.exe;9809
../../executables/dijkstradd64.exe;9439
../../executables/dijkstradd64.exe;9439
../../executables/dijkstradd64.exe;9592
../../executables/dijkstradd64.exe;9423
../../executables/dijkstradd64.exe;9810
../../executables/dijkstradd64.exe;9417
../../executables/dijkstradd64.exe;9539
../../executables/dijkstradd64.exe;9539
../../executables/dijkstradd64.exe;9435
../../executables/dijkstradd64.exe;9790
../../executables/dijkstradd64.exe;9521
../../executables/dijkstradd64.exe;9437
../../executables/dijkstradd64.exe;9435
../../executables/dijkstradd64.exe;9795
../../executables/dijkstradd64.exe;9540
../../executables/dijkstradd64.exe;9438
../../executables/dijkstradd64.exe;9518
../../executables/dijkstradd64.exe;9434
../../executables/dijkstradd64.exe;9431
../../executables/dijkstradd64.exe;9428
../../executables/dijkstradd64.exe;9443
../../executables/dijkstradd64.exe;9553
../../executables/dijkstradd64.exe;9432
../../executables/dijkstradd64.exe;9430
../../executables/dijkstradd64.exe;9438
../../executables/dijkstradd64.exe;9809
../../executables/dijkstradd64.exe;9435
../../executables/dijkstradd64.exe;9851
../../executables/dijkstradd64.exe;9429
../../executables/dijkstradd64.exe;9434
../../executables/dijkstradd64.exe;9431
../../executables/dijkstradd64.exe;9544
../../executables/dijkstradd64.exe;9551
../../executables/dijkstradd64.exe;9443
../../executables/dijkstradd64.exe;9804
../../executables/dijkstradd64.exe;9585
../../executables/dijkstradd64.exe;9816
../../executables/dijkstradd64.exe;9442
../../executables/dijkstradd64.exe;9437
../../executables/dijkstradd64.exe;9438
../../executables/dijkstradd64.exe;9546
../../executables/dijkstradd64.exe;9811
../../executables/dijkstradd64.exe;9553
../../executables/dijkstradd64.exe;9444
../../executables/dijkstradd64.exe;9436
../../executables/dijkstradd64.exe;9808
../../executables/dijkstradd64.exe;9780
../../executables/dijkstradd64.exe;9840
../../executables/dijkstradd64.exe;9441
../../executables/dijkstradd64.exe;9448
../../executables/dijkstradd64.exe;9442
../../executables/dijkstradd64.exe;9591
../../executables/dijkstradd64.exe;9541
../../executables/dijkstradd64.exe;9553
../../executables/dijkstradd64.exe;9421
../../executables/dijkstradd64.exe;9446
../../executables/dijkstradd64.exe;9816
../../executables/dijkstradd64.exe;9429
../../executables/dijkstradd64.exe;9436
../../executables/dijkstradd64.exe;9527
../../executables/dijkstradd64.exe;9581
../../executables/dijkstradd64.exe;9445
../../executables/dijkstradd64.exe;9809
../../executables/dijkstradd64.exe;9800
../../executables/dijkstradd64.exe;9448
../../executables/dijkstradd64.exe;9444
../../executables/dijkstradd64.exe;9538
../../executables/dijkstradd64.exe;9435
../../executables/dijkstradd64.exe;9425
../../executables/dijkstradd64.exe;9837
../../executables/dijkstradd64.exe;9439
../../executables/dijkstradd64.exe;9439
../../executables/dijkstradd64.exe;9407
../../executables/dijkstradd64.exe;9800
../../executables/dijkstradd64.exe;9436
../../executables/dijkstradd64.exe;9431
../../executables/dijkstradd64.exe;9816
../../executables/dijkstradd64.exe;9806
../../executables/dijkstradd64.exe;9582
../../executables/dijkstradd64.exe;9798
../../executables/dijkstradd64.exe;9430
../../executables/dijkstradd64.exe;9802
../../executables/dijkstradd64.exe;9437
../../executables/dijkstradd64.exe;9542
../../executables/dijkstradd64.exe;9543
../../executables/dijkstradd64.exe;9438
../../executables/dijkstradd64.exe;9522
../../executables/dijkstradd64.exe;9428
../../executables/dijkstradd64.exe;9539
../../executables/dijkstradd64.exe;9438
../../executables/dijkstradd64.exe;9553
../../executables/dijkstradd64.exe;9809
../../executables/dijkstradd64.exe;9436
../../executables/dijkstradd64.exe;9443
../../executables/dijkstradd64.exe;9426
../../executables/dijkstradd64.exe;9440
../../executables/dijkstradd64.exe;9448
../../executables/dijkstradd64.exe;9430
../../executables/dijkstradd64.exe;9398
../../executables/dijkstradd64.exe;9787
../../executables/dijkstradd64.exe;9443
../../executables/dijkstradd64.exe;9432
../../executables/dijkstradd64.exe;9429
../../executables/dijkstradd64.exe;9792
../../executables/dijkstradd64.exe;9561
../../executables/dijkstradd64.exe;9784
../../executables/dijkstradd64.exe;9814
../../executables/dijkstradd64.exe;9581
../../executables/dijkstradd64.exe;9429
../../executables/dijkstradd64.exe;9443
../../executables/dijkstradd64.exe;9551
../../executables/dijkstradd64.exe;9438
../../executables/dijkstradd64.exe;9411
../../executables/dijkstradd64.exe;9442
../../executables/dijkstradd64.exe;9813
../../executables/dijkstradd64.exe;9445
../../executables/dijkstradd64.exe;9588
../../executables/dijkstradd64.exe;9816
../../executables/dijkstradd64.exe;9555
../../executables/dijkstradd64.exe;9431
../../executables/dijkstradd64.exe;9584
../../executables/dijkstradd64.exe;9443
../../executables/dijkstradd64.exe;9545
../../executables/dijkstradd64.exe;9801
../../executables/dijkstradd64.exe;9446
../../executables/dijkstradd64.exe;9439
../../executables/dijkstradd64.exe;9810
../../executables/dijkstradd64.exe;9812
../../executables/dijkstradd64.exe;9781
../../executables/dijkstradd64.exe;9447
../../executables/dijkstradd64.exe;9814
../../executables/dijkstradd64.exe;9426
../../executables/dijkstradd64.exe;9540
../../executables/dijkstradd64.exe;9440
../../executables/dijkstradd64.exe;9586
../../executables/dijkstradd64.exe;9435
../../executables/dijkstradd64.exe;9435
../../executables/dijkstradd64.exe;9580
../../executables/dijkstradd64.exe;9787
../../executables/dijkstradd64.exe;9402
../../executables/dijkstradd64.exe;9429
../../executables/dijkstradd64.exe;9435
../../executables/dijkstradd64.exe;9545
../../executables/dijkstradd64.exe;9441
../../executables/dijkstradd64.exe;9444
../../executables/dijkstradd64.exe;9436
../../executables/dijkstradd64.exe;9435
../../executables/dijkstradd64.exe;9548
../../executables/dijkstradd64.exe;9435
../../executables/dijkstradd64.exe;9435
../../executables/dijkstradd64.exe;9810
../../executables/dijkstradd64.exe;9444
../../executables/dijkstradd64.exe;9539
../../executables/dijkstradd64.exe;9793
../../executables/dijkstradd64.exe;9553
../../executables/dijkstradd64.exe;9549
../../executables/dijkstradd64.exe;9433
../../executables/dijkstradd64.exe;9443
../../executables/dijkstradd64.exe;9782
../../executables/dijkstradd64.exe;9802
../../executables/dijkstradd64.exe;9444
../../executables/dijkstradd64.exe;9803
../../executables/dijkstradd64.exe;9796
../../executables/dijkstradd64.exe;9783
../../executables/dijkstradd64.exe;9811
../../executables/dijkstradd64.exe;9432
../../executables/dijkstradd64.exe;9546
../../executables/dijkstradd64.exe;9441
../../executables/dijkstradd64.exe;9436
../../executables/dijkstradd64.exe;9440
../../executables/dijkstradd64.exe;9444
../../executables/dijkstradd64.exe;9526
../../executables/dijkstradd64.exe;9433
../../executables/dijkstradd64.exe;9805
../../executables/dijkstradd64.exe;9439
../../executables/dijkstradd64.exe;9457
../../executables/dijkstradd64.exe;9536
../../executables/dijkstradd64.exe;9802
../../executables/dijkstradd64.exe;9815
../../executables/dijkstradd64.exe;9437
../../executables/dijkstradd64.exe;9552
../../executables/dijkstradd64.exe;9439
../../executables/dijkstradd64.exe;9415
../../executables/dijkstradd64.exe;9843
../../executables/dijkstradd64.exe;9434
../../executables/dijkstradud64.exe;10647
../../executables/dijkstradud64.exe;10473
../../executables/dijkstradud64.exe;10831
../../executables/dijkstradud64.exe;10643
../../executables/dijkstradud64.exe;10481
../../executables/dijkstradud64.exe;10871
../../executables/dijkstradud64.exe;10866
../../executables/dijkstradud64.exe;10656
../../executables/dijkstradud64.exe;10661
../../executables/dijkstradud64.exe;10640
../../executables/dijkstradud64.exe;10864
../../executables/dijkstradud64.exe;10854
../../executables/dijkstradud64.exe;10468
../../executables/dijkstradud64.exe;10625
../../executables/dijkstradud64.exe;10860
../../executables/dijkstradud64.exe;10924
../../executables/dijkstradud64.exe;10660
../../executables/dijkstradud64.exe;10712
../../executables/dijkstradud64.exe;10484
../../executables/dijkstradud64.exe;10916
../../executables/dijkstradud64.exe;10483
../../executables/dijkstradud64.exe;10486
../../executables/dijkstradud64.exe;10677
../../executables/dijkstradud64.exe;10486
../../executables/dijkstradud64.exe;10852
../../executables/dijkstradud64.exe;10475
../../executables/dijkstradud64.exe;10484
../../executables/dijkstradud64.exe;10847
../../executables/dijkstradud64.exe;10672
../../executables/dijkstradud64.exe;10504
../../executables/dijkstradud64.exe;10479
../../executables/dijkstradud64.exe;10495
../../executables/dijkstradud64.exe;10628
../../executables/dijkstradud64.exe;10489
../../executables/dijkstradud64.exe;10472
../../executables/dijkstradud64.exe;10920
../../executables/dijkstradud64.exe;10471
../../executables/dijkstradud64.exe;10685
../../executables/dijkstradud64.exe;10474
../../executables/dijkstradud64.exe;10663
../../executables/dijkstradud64.exe;10477
../../executables/dijkstradud64.exe;10495
../../executables/dijkstradud64.exe;10926
../../executables/dijkstradud64.exe;10655
../../executables/dijkstradud64.exe;10856
../../executables/dijkstradud64.exe;10475
../../executables/dijkstradud64.exe;10647
../../executables/dijkstradud64.exe;10483
../../executables/dijkstradud64.exe;10451
../../executables/dijkstradud64.exe;10636
../../executables/dijkstradud64.exe;10660
../../executables/dijkstradud64.exe;10488
../../executables/dijkstradud64.exe;10498
../../executables/dijkstradud64.exe;10854
../../executables/dijkstradud64.exe;10499
../../executables/dijkstradud64.exe;10658
../../executables/dijkstradud64.exe;10846
../../executables/dijkstradud64.exe;10858
../../executables/dijkstradud64.exe;10655
../../executables/dijkstradud64.exe;10650
../../executables/dijkstradud64.exe;10653
../../executables/dijkstradud64.exe;10498
../../executables/dijkstradud64.exe;10481
../../executables/dijkstradud64.exe;10662
../../executables/dijkstradud64.exe;10700
../../executables/dijkstradud64.exe;10493
../../executables/dijkstradud64.exe;10484
../../executables/dijkstradud64.exe;10850
../../executables/dijkstradud64.exe;10482
../../executables/dijkstradud64.exe;10655
../../executables/dijkstradud64.exe;10860
../../executables/dijkstradud64.exe;10855
../../executables/dijkstradud64.exe;10831
../../executables/dijkstradud64.exe;10658
../../executables/dijkstradud64.exe;10477
../../executables/dijkstradud64.exe;10476
../../executables/dijkstradud64.exe;10663
../../executables/dijkstradud64.exe;10486
../../executables/dijkstradud64.exe;10653
../../executables/dijkstradud64.exe;10666
../../executables/dijkstradud64.exe;10860
../../executables/dijkstradud64.exe;10478
../../executables/dijkstradud64.exe;10490
../../executables/dijkstradud64.exe;10654
../../executables/dijkstradud64.exe;10485
../../executables/dijkstradud64.exe;10473
../../executables/dijkstradud64.exe;10483
../../executables/dijkstradud64.exe;10661
../../executables/dijkstradud64.exe;10659
../../executables/dijkstradud64.exe;10656
../../executables/dijkstradud64.exe;10490
../../executables/dijkstradud64.exe;10465
../../executables/dijkstradud64.exe;10485
../../executables/dijkstradud64.exe;10643
../../executables/dijkstradud64.exe;10492
../../executables/dijkstradud64.exe;10857
../../executables/dijkstradud64.exe;10641
../../executables/dijkstradud64.exe;10857
../../executables/dijkstradud64.exe;10470
../../executables/dijkstradud64.exe;10639
../../executables/dijkstradud64.exe;10484
../../executables/dijkstradud64.exe;10503
../../executables/dijkstradud64.exe;10499
../../executables/dijkstradud64.exe;10831
../../executables/dijkstradud64.exe;10859
../../executables/dijkstradud64.exe;10673
../../executables/dijkstradud64.exe;10653
../../executables/dijkstradud64.exe;10869
../../executables/dijkstradud64.exe;10935
../../executables/dijkstradud64.exe;10632
../../executables/dijkstradud64.exe;10644
../../executables/dijkstradud64.exe;10475
../../executables/dijkstradud64.exe;10646
../../executables/dijkstradud64.exe;10659
../../executables/dijkstradud64.exe;10856
../../executables/dijkstradud64.exe;10462
../../executables/dijkstradud64.exe;10643
../../executables/dijkstradud64.exe;10664
../../executables/dijkstradud64.exe;10652
../../executables/dijkstradud64.exe;10648
../../executables/dijkstradud64.exe;10645
../../executables/dijkstradud64.exe;10866
../../executables/dijkstradud64.exe;10464
../../executables/dijkstradud64.exe;10649
../../executables/dijkstradud64.exe;10858
../../executables/dijkstradud64.exe;10488
../../executables/dijkstradud64.exe;10642
../../executables/dijkstradud64.exe;10916
../../executables/dijkstradud64.exe;10497
../../executables/dijkstradud64.exe;10650
../../executables/dijkstradud64.exe;10856
../../executables/dijkstradud64.exe;10934
../../executables/dijkstradud64.exe;10635
../../executables/dijkstradud64.exe;10658
../../executables/dijkstradud64.exe;10934
../../executables/dijkstradud64.exe;10471
../../executables/dijkstradud64.exe;10694
../../executables/dijkstradud64.exe;10857
../../executables/dijkstradud64.exe;10692
../../executables/dijkstradud64.exe;10652
../../executables/dijkstradud64.exe;10492
../../executables/dijkstradud64.exe;10934
../../executables/dijkstradud64.exe;10507
../../executables/dijkstradud64.exe;10650
../../executables/dijkstradud64.exe;10495
../../executables/dijkstradud64.exe;10660
../../executables/dijkstradud64.exe;10844
../../executables/dijkstradud64.exe;10484
../../executables/dijkstradud64.exe;10935
../../executables/dijkstradud64.exe;10484
../../executables/dijkstradud64.exe;10928
../../executables/dijkstradud64.exe;10857
../../executables/dijkstradud64.exe;10661
../../executables/dijkstradud64.exe;10654
../../executables/dijkstradud64.exe;10655
../../executables/dijkstradud64.exe;10854
../../executables/dijkstradud64.exe;10501
../../executables/dijkstradud64.exe;10847
../../executables/dijkstradud64.exe;10863
../../executables/dijkstradud64.exe;10665
../../executables/dijkstradud64.exe;10660
../../executables/dijkstradud64.exe;10484
../../executables/dijkstradud64.exe;10852
../../executables/dijkstradud64.exe;10482
../../executables/dijkstradud64.exe;10641
../../executables/dijkstradud64.exe;10670
../../executables/dijkstradud64.exe;10844
../../executables/dijkstradud64.exe;10871
../../executables/dijkstradud64.exe;10630
../../executables/dijkstradud64.exe;10644
../../executables/dijkstradud64.exe;10695
../../executables/dijkstradud64.exe;10931
../../executables/dijkstradud64.exe;10476
../../executables/dijkstradud64.exe;10478
../../executables/dijkstradud64.exe;10478
../../executables/dijkstradud64.exe;10502
../../executables/dijkstradud64.exe;10861
../../executables/dijkstradud64.exe;10500
../../executables/dijkstradud64.exe;10867
../../executables/dijkstradud64.exe;10501
../../executables/dijkstradud64.exe;10927
../../executables/dijkstradud64.exe;10676
../../executables/dijkstradud64.exe;10937
../../executables/dijkstradud64.exe;10490
../../executables/dijkstradud64.exe;10656
../../executables/dijkstradud64.exe;10663
../../executables/dijkstradud64.exe;10848
../../executables/dijkstradud64.exe;10494
../../executables/dijkstradud64.exe;10846
../../executables/dijkstradud64.exe;10474
../../executables/dijkstradud64.exe;10489
../../executables/dijkstradud64.exe;10860
../../executables/dijkstradud64.exe;10869
../../executables/dijkstradud64.exe;10916
../../executables/dijkstradud64.exe;10630
../../executables/dijkstradud64.exe;10660
../../executables/dijkstradud64.exe;10492
../../executables/dijkstradud64.exe;10860
../../executables/dijkstradud64.exe;10857
../../executables/dijkstradud64.exe;10895
../../executables/dijkstradud64.exe;10664
../../executables/dijkstradud64.exe;10652
../../executables/dijkstradud64.exe;10497
../../executables/dijkstradud64.exe;10664
../../executables/dijkstradud64.exe;10479
../../executables/dijkstradud64.exe;10936
../../executables/dijkstradud64.exe;10842
../../executables/dijkstradud64.exe;10931
../../executables/dijkstradud64.exe;10658
../../executables/dijkstradud64.exe;10933
../../executables/dijkstradud64.exe;10499
../../executables/dijkstradud64.exe;10651
../../executables/dijkstradud64.exe;10661
../../executables/dijkstradud64.exe;10466
../../executables/dijkstradud64.exe;10865
../../executables/dijkstradud64.exe;10482
../../executables/dijkstradud64.exe;10641
../../executables/dijkstradud64.exe;10653
../../executables/dijkstradud64.exe;10488
../../executables/dijkstradud64.exe;10871
../../executables/dijkstradud64.exe;10481
../../executables/dijkstradud64.exe;10658
../../executables/dijkstradud64.exe;10865
../../executables/dijkstradud64.exe;10843
../../executables/dijkstradud64.exe;10857
../../executables/dijkstradud64.exe;10659
../../executables/dijkstradud64.exe;10660
../../executables/dijkstradud64.exe;10506
../../executables/dijkstradud64.exe;10673
../../executables/dijkstradud64.exe;10656
../../executables/dijkstradud64.exe;10662
../../executables/dijkstradud64.exe;10502
../../executables/dijkstradud64.exe;10659
../../executables/dijkstradud64.exe;10661
../../executables/dijkstradud64.exe;10664
../../executables/dijkstradud64.exe;10493
../../executables/dijkstradud64.exe;10654
../../executables/dijkstradud64.exe;10496
../../executables/dijkstradud64.exe;10664
../../executables/dijkstradud64.exe;10850
../../executables/dijkstradud64.exe;10653
../../executables/dijkstradud64.exe;10495
../../executables/dijkstradud64.exe;10634
../../executables/dijkstradud64.exe;10874
../../executables/dijkstradud64.exe;10859
../../executables/dijkstradud64.exe;10510
../../executables/dijkstradud64.exe;10663
../../executables/dijkstradud64.exe;10668
../../executables/dijkstradud64.exe;10491
../../executables/dijkstradud64.exe;10858
../../executables/dijkstradud64.exe;10495
../../executables/dijkstradud64.exe;10657
../../executables/dijkstradud64.exe;10629
../../executables/dijkstradud64.exe;10484
../../executables/dijkstradud64.exe;10481
../../executables/dijkstradud64.exe;10652
../../executables/dijkstradud64.exe;10675
../../executables/dijkstradud64.exe;10855
../../executables/dijkstradud64.exe;10866
../../executables/dijkstradud64.exe;10505
../../executables/dijkstradud64.exe;10473
../../executables/dijkstradud64.exe;10862
../../executables/dijkstradud64.exe;10627
../../executables/dijkstradud64.exe;10663
../../executables/dijkstradud64.exe;10651
../../executables/dijkstradud64.exe;10477
../../executables/dijkstradud64.exe;10480
../../executables/dijkstradud64.exe;10652
../../executables/dijkstradud64.exe;10460
../../executables/dijkstradud64.exe;10657
../../executables/dijkstradud64.exe;10644
../../executables/dijkstradud64.exe;10828
../../executables/dijkstradud64.exe;10505
../../executables/dijkstradud64.exe;10462
../../executables/dijkstradud64.exe;10655
../../executables/dijkstradud64.exe;10658
../../executables/dijkstradud64.exe;10855
../../executables/dijkstradud64.exe;10862
../../executables/dijkstradud64.exe;10660
../../executables/dijkstradud64.exe;10859
../../executables/dijkstradud64.exe;10634
../../executables/dijkstradud64.exe;10499
../../executables/dijkstradud64.exe;10859
../../executables/dijkstradud64.exe;10857
../../executables/dijkstradud64.exe;10502
../../executables/dijkstradud64.exe;10670
../../executables/dijkstradud64.exe;10648
../../executables/dijkstradud64.exe;10669
../../executables/dijkstradud64.exe;10483
../../executables/dijkstradud64.exe;10467
../../executables/dijkstradud64.exe;10479
../../executables/dijkstradud64.exe;10483
../../executables/dijkstradud64.exe;10700
../../executables/dijkstradud64.exe;10669
../../executables/dijkstradud64.exe;10655
../../executables/dijkstradud64.exe;10496
../../executables/dijkstradud64.exe;10479
../../executables/dijkstradud64.exe;10631
../../executables/dijkstradud64.exe;10478
../../executables/dijkstradud64.exe;10657
../../executables/dijkstradud64.exe;10634
../../executables/dijkstradud64.exe;10660
../../executables/dijkstradud64.exe;10854
../../executables/dijkstradud64.exe;10487
../../executables/dijkstradud64.exe;10647
../../executables/dijkstradud64.exe;10660
../../executables/dijkstradud64.exe;10502
../../executables/dijkstradud64.exe;10482
../../executables/dijkstradud64.exe;10858
../../executables/dijkstradud64.exe;10851
../../executables/dijkstradud64.exe;10661
../../executables/dijkstradud64.exe;10657
../../executables/dijkstradud64.exe;10491
../../executables/dijkstradud64.exe;10875
../../executables/dijkstradud64.exe;10634
../../executables/dijkstradud64.exe;10652
../../executables/dijkstradud64.exe;10506
../../executables/dijkstradud64.exe;10698
../../executables/dijkstradud64.exe;10859
../../executables/dijkstradud64.exe;10869
../../executables/dijkstradud64.exe;10659
../../executables/dijkstradud64.exe;10863
../../executables/dijkstradud64.exe;10487
../../executables/dijkstradud64.exe;10647
../../executables/dijkstradud64.exe;10503
../../executables/dijkstradud64.exe;10468
../../executables/dijkstradud64.exe;10863
../../executables/dijkstradud64.exe;10483
../../executables/dijkstradud64.exe;10645
../../executables/dijkstradud64.exe;10498
../../executables/dijkstradud64.exe;10844
../../executables/dijkstradud64.exe;10866
../../executables/dijkstradud64.exe;10663
../../executables/dijkstradud64.exe;10646
../../executables/dijkstradud64.exe;10483
../../executables/dijkstradud64.exe;10861
../../executables/dijkstradud64.exe;10494
../../executables/dijkstradud64.exe;10626
../../executables/dijkstradud64.exe;10472
../../executables/dijkstradud64.exe;10470
../../executables/dijkstradud64.exe;10852
../../executables/dijkstradud64.exe;10473
../../executables/dijkstradud64.exe;10498
../../executables/dijkstradud64.exe;10666
../../executables/dijkstradud64.exe;10853
../../executables/dijkstradud64.exe;10486
../../executables/dijkstradud64.exe;10659
../../executables/dijkstradud64.exe;10505
../../executables/dijkstradud64.exe;10849
../../executables/dijkstradud64.exe;10497
../../executables/dijkstradud64.exe;10484
../../executables/dijkstradud64.exe;10864
../../executables/dijkstradud64.exe;10696
../../executables/dijkstradud64.exe;10632
../../executables/dijkstradud64.exe;10483
../../executables/dijkstradud64.exe;10864
../../executables/dijkstradud64.exe;10479
../../executables/dijkstradud64.exe;10647
../../executables/dijkstradud64.exe;10860
../../executables/dijkstradud64.exe;10466
../../executables/dijkstradud64.exe;10653
../../executables/dijkstradud64.exe;10491
../../executables/dijkstradud64.exe;10689
../../executables/dijkstradud64.exe;10488
../../executables/dijkstradud64.exe;10646
../../executables/dijkstradud64.exe;10489
../../executables/dijkstradud64.exe;10870
../../executables/dijkstradud64.exe;10472
../../executables/dijkstradud64.exe;10653
../../executables/dijkstradud64.exe;10702
../../executables/dijkstradud64.exe;10477
../../executables/dijkstradud64.exe;10668
../../executables/dijkstradud64.exe;10855
../../executables/dijkstradud64.exe;10479
../../executables/dijkstradud64.exe;10650
../../executables/dijkstradud64.exe;10861
../../executables/dijkstradud64.exe;10504
../../executables/dijkstradud64.exe;10636
../../executables/dijkstradud64.exe;10496
../../executables/dijkstradud64.exe;10653
../../executables/dijkstradud64.exe;10674
../../executables/dijkstradud64.exe;10691
../../executables/dijkstradud64.exe;10858
../../executables/dijkstradud64.exe;10855
../../executables/dijkstradud64.exe;10643
../../executables/dijkstradud64.exe;10659
../../executables/dijkstradud64.exe;10474
../../executables/dijkstradud64.exe;10467
../../executables/dijkstradud64.exe;10491
../../executables/dijkstradud64.exe;10656
../../executables/dijkstradud64.exe;10489
../../executables/dijkstradud64.exe;10857
../../executables/dijkstradud64.exe;10863
../../executables/dijkstradud64.exe;10924
../../executables/dijkstradud64.exe;10478
../../executables/dijkstradud64.exe;10850
../../executables/dijkstradud64.exe;10869
../../executables/dijkstradud64.exe;10644
../../executables/dijkstradud64.exe;10653
../../executables/dijkstradud64.exe;10826
../../executables/dijkstrasd64.exe;7605
../../executables/dijkstrasd64.exe;7590
../../executables/dijkstrasd64.exe;7583
../../executables/dijkstrasd64.exe;7591
../../executables/dijkstrasd64.exe;7600
../../executables/dijkstrasd64.exe;7589
../../executables/dijkstrasd64.exe;7589
../../executables/dijkstrasd64.exe;7587
../../executables/dijkstrasd64.exe;7586
../../executables/dijkstrasd64.exe;7560
../../executables/dijkstrasd64.exe;7582
../../executables/dijkstrasd64.exe;7586
../../executables/dijkstrasd64.exe;7550
../../executables/dijkstrasd64.exe;7586
../../executables/dijkstrasd64.exe;7565
../../executables/dijkstrasd64.exe;7584
../../executables/dijkstrasd64.exe;7591
../../executables/dijkstrasd64.exe;7583
../../executables/dijkstrasd64.exe;7589
../../executables/dijkstrasd64.exe;7563
../../executables/dijkstrasd64.exe;7585
../../executables/dijkstrasd64.exe;7586
../../executables/dijkstrasd64.exe;7575
../../executables/dijkstrasd64.exe;7579
../../executables/dijkstrasd64.exe;7586
../../executables/dijkstrasd64.exe;7580
../../executables/dijkstrasd64.exe;7580
../../executables/dijkstrasd64.exe;7586
../../executables/dijkstrasd64.exe;7575
../../executables/dijkstrasd64.exe;7571
../../executables/dijkstrasd64.exe;7587
../../executables/dijkstrasd64.exe;7588
../../executables/dijkstrasd64.exe;7577
../../executables/dijkstrasd64.exe;7578
../../executables/dijkstrasd64.exe;7569
../../executables/dijkstrasd64.exe;7594
../../executables/dijkstrasd64.exe;7583
../../executables/dijkstrasd64.exe;7573
../../executables/dijkstrasd64.exe;7582
../../executables/dijkstrasd64.exe;7588
../../executables/dijkstrasd64.exe;7595
../../executables/dijkstrasd64.exe;7573
../../executables/dijkstrasd64.exe;7588
../../executables/dijkstrasd64.exe;7582
../../executables/dijkstrasd64.exe;7571
../../executables/dijkstrasd64.exe;7587
../../executables/dijkstrasd64.exe;7590
../../executables/dijkstrasd64.exe;7571
../../executables/dijkstrasd64.exe;7578
../../executables/dijkstrasd64.exe;7580
../../executables/dijkstrasd64.exe;7593
../../executables/dijkstrasd64.exe;7557
../../executables/dijkstrasd64.exe;7587
../../executables/dijkstrasd64.exe;7581
../../executables/dijkstrasd64.exe;7991
../../executables/dijkstrasd64.exe;7588
../../executables/dijkstrasd64.exe;7598
../../executables/dijkstrasd64.exe;7558
../../executables/dijkstrasd64.exe;7584
../../executables/dijkstrasd64.exe;7576
../../executables/dijkstrasd64.exe;7589
../../executables/dijkstrasd64.exe;7586
../../executables/dijkstrasd64.exe;7587
../../executables/dijkstrasd64.exe;7574
../../executables/dijkstrasd64.exe;7587
../../executables/dijkstrasd64.exe;7576
../../executables/dijkstrasd64.exe;7549
../../executables/dijkstrasd64.exe;7579
../../executables/dijkstrasd64.exe;7595
../../executables/dijkstrasd64.exe;7579
../../executables/dijkstrasd64.exe;7578
../../executables/dijkstrasd64.exe;7561
../../executables/dijkstrasd64.exe;7600
../../executables/dijkstrasd64.exe;7581
../../executables/dijkstrasd64.exe;7582
../../executables/dijkstrasd64.exe;7593
../../executables/dijkstrasd64.exe;7588
../../executables/dijkstrasd64.exe;7561
../../executables/dijkstrasd64.exe;7586
../../executables/dijkstrasd64.exe;7589
../../executables/dijkstrasd64.exe;7580
../../executables/dijkstrasd64.exe;7581
../../executables/dijkstrasd64.exe;7584
../../executables/dijkstrasd64.exe;7584
../../executables/dijkstrasd64.exe;7573
../../executables/dijkstrasd64.exe;7573
../../executables/dijkstrasd64.exe;7591
../../executables/dijkstrasd64.exe;7590
../../executables/dijkstrasd64.exe;7582
../../executables/dijkstrasd64.exe;7590
../../executables/dijkstrasd64.exe;7594
../../executables/dijkstrasd64.exe;7588
../../executables/dijkstrasd64.exe;7587
../../executables/dijkstrasd64.exe;7581
../../executables/dijkstrasd64.exe;7571
../../executables/dijkstrasd64.exe;7584
../../executables/dijkstrasd64.exe;7590
../../executables/dijkstrasd64.exe;7578
../../executables/dijkstrasd64.exe;7588
../../executables/dijkstrasd64.exe;7579
../../executables/dijkstrasd64.exe;7562
../../executables/dijkstrasd64.exe;7561
../../executables/dijkstrasd64.exe;7590
../../executables/dijkstrasd64.exe;7562
../../executables/dijkstrasd64.exe;7565
../../executables/dijkstrasd64.exe;7589
../../executables/dijkstrasd64.exe;7580
../../executables/dijkstrasd64.exe;7596
../../executables/dijkstrasd64.exe;7582
../../executables/dijkstrasd64.exe;7583
../../executables/dijkstrasd64.exe;7566
../../executables/dijkstrasd64.exe;7580
../../executables/dijkstrasd64.exe;7605
../../executables/dijkstrasd64.exe;7597
../../executables/dijkstrasd64.exe;7590
../../executables/dijkstrasd64.exe;7594
../../executables/dijkstrasd64.exe;7573
../../executables/dijkstrasd64.exe;7590
../../executables/dijkstrasd64.exe;7585
../../executables/dijkstrasd64.exe;7561
../../executables/dijkstrasd64.exe;7594
../../executables/dijkstrasd64.exe;7569
../../executables/dijkstrasd64.exe;7594
../../executables/dijkstrasd64.exe;7593
../../executables/dijkstrasd64.exe;7548
../../executables/dijkstrasd64.exe;7597
../../executables/dijkstrasd64.exe;7598
../../executables/dijkstrasd64.exe;7575
../../executables/dijkstrasd64.exe;7590
../../executables/dijkstrasd64.exe;7559
../../executables/dijkstrasd64.exe;7574
../../executables/dijkstrasd64.exe;7597
../../executables/dijkstrasd64.exe;7554
../../executables/dijkstrasd64.exe;7587
../../executables/dijkstrasd64.exe;7601
../../executables/dijkstrasd64.exe;7573
../../executables/dijkstrasd64.exe;7586
../../executables/dijkstrasd64.exe;7572
../../executables/dijkstrasd64.exe;7583
../../executables/dijkstrasd64.exe;7582
../../executables/dijkstrasd64.exe;7599
../../executables/dijkstrasd64.exe;7592
../../executables/dijkstrasd64.exe;7588
../../executables/dijkstrasd64.exe;7600
../../executables/dijkstrasd64.exe;7590
../../executables/dijkstrasd64.exe;7590
../../executables/dijkstrasd64.exe;7584
../../executables/dijkstrasd64.exe;7592
../../executables/dijkstrasd64.exe;7582
../../executables/dijkstrasd64.exe;7592
../../executables/dijkstrasd64.exe;7586
../../executables/dijkstrasd64.exe;7592
../../executables/dijkstrasd64.exe;7590
../../executables/dijkstrasd64.exe;7567
../../executables/dijkstrasd64.exe;7589
../../executables/dijkstrasd64.exe;7572
../../executables/dijkstrasd64.exe;7594
../../executables/dijkstrasd64.exe;7585
../../executables/dijkstrasd64.exe;7593
../../executables/dijkstrasd64.exe;7584
../../executables/dijkstrasd64.exe;7595
../../executables/dijkstrasd64.exe;7590
../../executables/dijkstrasd64.exe;7579
../../executables/dijkstrasd64.exe;7597
../../executables/dijkstrasd64.exe;7594
../../executables/dijkstrasd64.exe;7588
../../executables/dijkstrasd64.exe;7588
../../executables/dijkstrasd64.exe;7590
../../executables/dijkstrasd64.exe;7576
../../executables/dijkstrasd64.exe;7605
../../executables/dijkstrasd64.exe;7578
../../executables/dijkstrasd64.exe;7580
../../executables/dijkstrasd64.exe;7587
../../executables/dijkstrasd64.exe;7602
../../executables/dijkstrasd64.exe;7589
../../executables/dijkstrasd64.exe;7578
../../executables/dijkstrasd64.exe;7587
../../executables/dijkstrasd64.exe;7597
../../executables/dijkstrasd64.exe;7593
../../executables/dijkstrasd64.exe;7584
../../executables/dijkstrasd64.exe;7594
../../executables/dijkstrasd64.exe;7590
../../executables/dijkstrasd64.exe;7577
../../executables/dijkstrasd64.exe;7600
../../executables/dijkstrasd64.exe;7582
../../executables/dijkstrasd64.exe;7570
../../executables/dijkstrasd64.exe;7579
../../executables/dijkstrasd64.exe;7587
../../executables/dijkstrasd64.exe;7595
../../executables/dijkstrasd64.exe;7582
../../executables/dijkstrasd64.exe;7592
../../executables/dijkstrasd64.exe;7594
../../executables/dijkstrasd64.exe;7587
../../executables/dijkstrasd64.exe;7573
../../executables/dijkstrasd64.exe;7587
../../executables/dijkstrasd64.exe;7587
../../executables/dijkstrasd64.exe;7586
../../executables/dijkstrasd64.exe;7582
../../executables/dijkstrasd64.exe;7584
../../executables/dijkstrasd64.exe;7594
../../executables/dijkstrasd64.exe;7570
../../executables/dijkstrasd64.exe;7572
../../executables/dijkstrasd64.exe;7595
../../executables/dijkstrasd64.exe;7594
../../executables/dijkstrasd64.exe;7584
../../executables/dijkstrasd64.exe;7585
../../executables/dijkstrasd64.exe;7567
../../executables/dijkstrasd64.exe;7588
../../executables/dijkstrasd64.exe;7590
../../executables/dijkstrasd64.exe;7587
../../executables/dijkstrasd64.exe;7590
../../executables/dijkstrasd64.exe;7585
../../executables/dijkstrasd64.exe;7577
../../executables/dijkstrasd64.exe;7560
../../executables/dijkstrasd64.exe;7560
../../executables/dijkstrasd64.exe;7588
../../executables/dijkstrasd64.exe;7583
../../executables/dijkstrasd64.exe;7563
../../executables/dijkstrasd64.exe;7589
../../executables/dijkstrasd64.exe;7583
../../executables/dijkstrasd64.exe;7578
../../executables/dijkstrasd64.exe;7591
../../executables/dijkstrasd64.exe;7584
../../executables/dijkstrasd64.exe;7587
../../executables/dijkstrasd64.exe;7592
../../executables/dijkstrasd64.exe;7557
../../executables/dijkstrasd64.exe;7589
../../executables/dijkstrasd64.exe;7597
../../executables/dijkstrasd64.exe;7589
../../executables/dijkstrasd64.exe;7574
../../executables/dijkstrasd64.exe;7587
../../executables/dijkstrasd64.exe;7595
../../executables/dijkstrasd64.exe;7583
../../executables/dijkstrasd64.exe;7590
../../executables/dijkstrasd64.exe;7573
../../executables/dijkstrasd64.exe;7576
../../executables/dijkstrasd64.exe;7582
../../executables/dijkstrasd64.exe;7594
../../executables/dijkstrasd64.exe;7581
../../executables/dijkstrasd64.exe;7593
../../executables/dijkstrasd64.exe;7580
../../executables/dijkstrasd64.exe;7585
../../executables/dijkstrasd64.exe;7565
../../executables/dijkstrasd64.exe;7595
../../executables/dijkstrasd64.exe;7560
../../executables/dijkstrasd64.exe;7593
../../executables/dijkstrasd64.exe;7595
../../executables/dijkstrasd64.exe;7590
../../executables/dijkstrasd64.exe;7575
../../executables/dijkstrasd64.exe;7591
../../executables/dijkstrasd64.exe;7593
../../executables/dijkstrasd64.exe;7598
../../executables/dijkstrasd64.exe;7590
../../executables/dijkstrasd64.exe;7584
../../executables/dijkstrasd64.exe;7597
../../executables/dijkstrasd64.exe;7590
../../executables/dijkstrasd64.exe;7594
../../executables/dijkstrasd64.exe;7581
../../executables/dijkstrasd64.exe;7576
../../executables/dijkstrasd64.exe;7587
../../executables/dijkstrasd64.exe;7580
../../executables/dijkstrasd64.exe;7572
../../executables/dijkstrasd64.exe;7597
../../executables/dijkstrasd64.exe;7587
../../executables/dijkstrasd64.exe;7579
../../executables/dijkstrasd64.exe;7590
../../executables/dijkstrasd64.exe;7586
../../executables/dijkstrasd64.exe;7584
../../executables/dijkstrasd64.exe;7582
../../executables/dijkstrasd64.exe;7583
../../executables/dijkstrasd64.exe;7587
../../executables/dijkstrasd64.exe;7588
../../executables/dijkstrasd64.exe;7587
../../executables/dijkstrasd64.exe;7563
../../executables/dijkstrasd64.exe;7591
../../executables/dijkstrasd64.exe;7567
../../executables/dijkstrasd64.exe;7558
../../executables/dijkstrasd64.exe;7586
../../executables/dijkstrasd64.exe;7575
../../executables/dijkstrasd64.exe;7583
../../executables/dijkstrasd64.exe;7585
../../executables/dijkstrasd64.exe;7598
../../executables/dijkstrasd64.exe;7589
../../executables/dijkstrasd64.exe;7592
../../executables/dijkstrasd64.exe;7594
../../executables/dijkstrasd64.exe;7584
../../executables/dijkstrasd64.exe;7598
../../executables/dijkstrasd64.exe;7592
../../executables/dijkstrasd64.exe;7590
../../executables/dijkstrasd64.exe;7578
../../executables/dijkstrasd64.exe;7600
../../executables/dijkstrasd64.exe;7600
../../executables/dijkstrasd64.exe;7578
../../executables/dijkstrasd64.exe;7593
../../executables/dijkstrasd64.exe;7560
../../executables/dijkstrasd64.exe;7595
../../executables/dijkstrasd64.exe;7577
../../executables/dijkstrasd64.exe;7582
../../executables/dijkstrasd64.exe;7581
../../executables/dijkstrasd64.exe;7592
../../executables/dijkstrasd64.exe;7577
../../executables/dijkstrasd64.exe;7586
../../executables/dijkstrasd64.exe;7598
../../executables/dijkstrasd64.exe;7572
../../executables/dijkstrasd64.exe;7586
../../executables/dijkstrasd64.exe;7588
../../executables/dijkstrasd64.exe;7592
../../executables/dijkstrasd64.exe;7592
../../executables/dijkstrasd64.exe;7588
../../executables/dijkstrasd64.exe;7589
../../executables/dijkstrasd64.exe;7588
../../executables/dijkstrasd64.exe;7588
../../executables/dijkstrasd64.exe;7591
../../executables/dijkstrasd64.exe;7589
../../executables/dijkstrasd64.exe;7581
../../executables/dijkstrasd64.exe;7570
../../executables/dijkstrasd64.exe;7568
../../executables/dijkstrasd64.exe;7590
../../executables/dijkstrasd64.exe;7601
../../executables/dijkstrasd64.exe;7590
../../executables/dijkstrasd64.exe;7597
../../executables/dijkstrasd64.exe;7587
../../executables/dijkstrasd64.exe;7596
../../executables/dijkstrasd64.exe;7591
../../executables/dijkstrasd64.exe;7555
../../executables/dijkstrasd64.exe;7594
../../executables/dijkstrasd64.exe;7591
../../executables/dijkstrasd64.exe;7596
../../executables/dijkstrasd64.exe;7578
../../executables/dijkstrasd64.exe;7587
../../executables/dijkstrasd64.exe;7576
../../executables/dijkstrasd64.exe;7593
../../executables/dijkstrasd64.exe;7583
../../executables/dijkstrasd64.exe;7586
../../executables/dijkstrasd64.exe;7593
../../executables/dijkstrasd64.exe;7584
../../executables/dijkstrasd64.exe;7585
../../executables/dijkstrasd64.exe;7588
../../executables/dijkstrasd64.exe;7584
../../executables/dijkstrasd64.exe;7591
../../executables/dijkstrasd64.exe;7585
../../executables/dijkstrasd64.exe;7586
../../executables/dijkstrasd64.exe;7572
../../executables/dijkstrasd64.exe;7581
../../executables/dijkstrasd64.exe;7583
../../executables/dijkstrasd64.exe;7555
../../executables/dijkstrasd64.exe;7584
../../executables/dijkstrasd64.exe;7573
../../executables/dijkstrasd64.exe;7568
../../executables/dijkstrasd64.exe;7582
../../executables/dijkstrasd64.exe;7575
../../executables/dijkstrasd64.exe;7559
../../executables/dijkstrasd64.exe;7582
../../executables/dijkstrasd64.exe;7575
../../executables/dijkstrasd64.exe;7564
../../executables/dijkstrasd64.exe;7588
../../executables/dijkstrasd64.exe;7582
../../executables/dijkstrasd64.exe;7594
../../executables/dijkstrasd64.exe;7586
../../executables/dijkstrasd64.exe;7586
../../executables/dijkstrasd64.exe;7582
../../executables/dijkstrasd64.exe;7586
../../executables/dijkstrasd64.exe;7554
../../executables/dijkstrasd64.exe;7575
../../executables/dijkstrasd64.exe;7599
../../executables/dijkstrasd64.exe;7602
../../executables/dijkstrasd64.exe;7581
../../executables/dijkstrasd64.exe;7596
../../executables/dijkstrasd64.exe;7590
../../executables/dijkstrasd64.exe;7597
../../executables/dijkstrasd64.exe;7585
../../executables/dijkstrasd64.exe;7592
../../executables/dijkstrasd64.exe;7583
../../executables/dijkstrasd64.exe;7593
../../executables/dijkstrasd64.exe;7596
../../executables/dijkstrasd64.exe;7596
../../executables/dijkstrasd64.exe;7592
../../executables/dijkstrasd64.exe;7575
../../executables/dijkstrasd64.exe;7580
../../executables/dijkstrasd64.exe;7583
../../executables/dijkstrasd64.exe;7547
../../executables/dijkstrasd64.exe;7584
../../executables/dijkstrasd64.exe;7594
../../executables/dijkstrasd64.exe;7571
../../executables/dijkstrasd64.exe;7593
../../executables/dijkstrasd64.exe;7573
../../executables/dijkstrasd64.exe;7560
../../executables/dijkstrasd64.exe;7544
../../executables/dijkstrasd64.exe;7604
../../executables/dijkstrasd64.exe;7562
../../executables/dijkstrasd64.exe;7579
../../executables/dijkstrasd64.exe;7602
../../executables/dijkstrasd64.exe;7591
../../executables/dijkstrasd64.exe;7595
../../executables/dijkstrasd64.exe;7589
../../executables/dijkstrasd64.exe;7601
../../executables/dijkstrasd64.exe;7587
../../executables/dijkstrasd64.exe;7588
../../executables/dijkstrasd64.exe;7594
../../executables/dijkstrasd64.exe;7599
../../executables/dijkstrasud64.exe;7541
../../executables/dijkstrasud64.exe;7556
../../executables/dijkstrasud64.exe;7532
../../executables/dijkstrasud64.exe;7531
../../executables/dijkstrasud64.exe;7538
../../executables/dijkstrasud64.exe;7543
../../executables/dijkstrasud64.exe;7499
../../executables/dijkstrasud64.exe;7545
../../executables/dijkstrasud64.exe;7554
../../executables/dijkstrasud64.exe;7539
../../executables/dijkstrasud64.exe;7568
../../executables/dijkstrasud64.exe;7532
../../executables/dijkstrasud64.exe;7544
../../executables/dijkstrasud64.exe;7543
../../executables/dijkstrasud64.exe;7520
../../executables/dijkstrasud64.exe;7552
../../executables/dijkstrasud64.exe;7538
../../executables/dijkstrasud64.exe;7556
../../executables/dijkstrasud64.exe;7555
../../executables/dijkstrasud64.exe;7552
../../executables/dijkstrasud64.exe;7534
../../executables/dijkstrasud64.exe;7546
../../executables/dijkstrasud64.exe;7530
../../executables/dijkstrasud64.exe;7544
../../executables/dijkstrasud64.exe;7544
../../executables/dijkstrasud64.exe;7552
../../executables/dijkstrasud64.exe;7540
../../executables/dijkstrasud64.exe;7555
../../executables/dijkstrasud64.exe;7535
../../executables/dijkstrasud64.exe;7540
../../executables/dijkstrasud64.exe;7937
../../executables/dijkstrasud64.exe;7550
../../executables/dijkstrasud64.exe;7550
../../executables/dijkstrasud64.exe;7546
../../executables/dijkstrasud64.exe;7526
../../executables/dijkstrasud64.exe;7543
../../executables/dijkstrasud64.exe;7547
../../executables/dijkstrasud64.exe;7540
../../executables/dijkstrasud64.exe;7552
../../executables/dijkstrasud64.exe;7535
../../executables/dijkstrasud64.exe;7549
../../executables/dijkstrasud64.exe;7529
../../executables/dijkstrasud64.exe;7516
../../executables/dijkstrasud64.exe;7540
../../executables/dijkstrasud64.exe;7544
../../executables/dijkstrasud64.exe;7542
../../executables/dijkstrasud64.exe;7539
../../executables/dijkstrasud64.exe;7543
../../executables/dijkstrasud64.exe;7541
../../executables/dijkstrasud64.exe;7556
../../executables/dijkstrasud64.exe;7536
../../executables/dijkstrasud64.exe;7511
../../executables/dijkstrasud64.exe;7543
../../executables/dijkstrasud64.exe;7540
../../executables/dijkstrasud64.exe;7543
../../executables/dijkstrasud64.exe;7559
../../executables/dijkstrasud64.exe;7553
../../executables/dijkstrasud64.exe;7532
../../executables/dijkstrasud64.exe;7558
../../executables/dijkstrasud64.exe;7542
../../executables/dijkstrasud64.exe;7546
../../executables/dijkstrasud64.exe;7555
../../executables/dijkstrasud64.exe;7550
../../executables/dijkstrasud64.exe;7537
../../executables/dijkstrasud64.exe;7520
../../executables/dijkstrasud64.exe;7545
../../executables/dijkstrasud64.exe;7539
../../executables/dijkstrasud64.exe;7534
../../executables/dijkstrasud64.exe;7548
../../executables/dijkstrasud64.exe;7541
../../executables/dijkstrasud64.exe;7559
../../executables/dijkstrasud64.exe;7541
../../executables/dijkstrasud64.exe;7533
../../executables/dijkstrasud64.exe;7547
../../executables/dijkstrasud64.exe;7500
../../executables/dijkstrasud64.exe;7554
../../executables/dijkstrasud64.exe;7549
../../executables/dijkstrasud64.exe;7544
../../executables/dijkstrasud64.exe;7536
../../executables/dijkstrasud64.exe;7514
../../executables/dijkstrasud64.exe;7555
../../executables/dijkstrasud64.exe;7563
../../executables/dijkstrasud64.exe;7543
../../executables/dijkstrasud64.exe;7529
../../executables/dijkstrasud64.exe;7514
../../executables/dijkstrasud64.exe;7544
../../executables/dijkstrasud64.exe;7547
../../executables/dijkstrasud64.exe;7536
../../executables/dijkstrasud64.exe;7552
../../executables/dijkstrasud64.exe;7519
../../executables/dijkstrasud64.exe;7515
../../executables/dijkstrasud64.exe;7543
../../executables/dijkstrasud64.exe;7551
../../executables/dijkstrasud64.exe;7544
../../executables/dijkstrasud64.exe;7536
../../executables/dijkstrasud64.exe;7533
../../executables/dijkstrasud64.exe;7562
../../executables/dijkstrasud64.exe;7520
../../executables/dijkstrasud64.exe;7527
../../executables/dijkstrasud64.exe;7550
../../executables/dijkstrasud64.exe;7542
../../executables/dijkstrasud64.exe;7545
../../executables/dijkstrasud64.exe;7534
../../executables/dijkstrasud64.exe;7515
../../executables/dijkstrasud64.exe;7551
../../executables/dijkstrasud64.exe;7553
../../executables/dijkstrasud64.exe;7541
../../executables/dijkstrasud64.exe;7524
../../executables/dijkstrasud64.exe;7537
../../executables/dijkstrasud64.exe;7517
../../executables/dijkstrasud64.exe;7534
../../executables/dijkstrasud64.exe;7540
../../executables/dijkstrasud64.exe;7551
../../executables/dijkstrasud64.exe;7538
../../executables/dijkstrasud64.exe;7542
../../executables/dijkstrasud64.exe;7528
../../executables/dijkstrasud64.exe;7543
../../executables/dijkstrasud64.exe;7547
../../executables/dijkstrasud64.exe;7539
../../executables/dijkstrasud64.exe;7549
../../executables/dijkstrasud64.exe;7543
../../executables/dijkstrasud64.exe;7521
../../executables/dijkstrasud64.exe;7557
../../executables/dijkstrasud64.exe;7533
../../executables/dijkstrasud64.exe;7521
../../executables/dijkstrasud64.exe;7541
../../executables/dijkstrasud64.exe;7543
../../executables/dijkstrasud64.exe;7540
../../executables/dijkstrasud64.exe;7550
../../executables/dijkstrasud64.exe;7518
../../executables/dijkstrasud64.exe;7545
../../executables/dijkstrasud64.exe;7547
../../executables/dijkstrasud64.exe;7542
../../executables/dijkstrasud64.exe;7540
../../executables/dijkstrasud64.exe;7521
../../executables/dijkstrasud64.exe;7544
../../executables/dijkstrasud64.exe;7522
../../executables/dijkstrasud64.exe;7522
../../executables/dijkstrasud64.exe;7542
../../executables/dijkstrasud64.exe;7540
../../executables/dijkstrasud64.exe;7555
../../executables/dijkstrasud64.exe;7545
../../executables/dijkstrasud64.exe;7556
../../executables/dijkstrasud64.exe;7540
../../executables/dijkstrasud64.exe;7506
../../executables/dijkstrasud64.exe;7540
../../executables/dijkstrasud64.exe;7551
../../executables/dijkstrasud64.exe;7546
../../executables/dijkstrasud64.exe;7540
../../executables/dijkstrasud64.exe;7517
../../executables/dijkstrasud64.exe;7515
../../executables/dijkstrasud64.exe;7534
../../executables/dijkstrasud64.exe;7548
../../executables/dijkstrasud64.exe;7545
../../executables/dijkstrasud64.exe;7542
../../executables/dijkstrasud64.exe;7532
../../executables/dijkstrasud64.exe;7539
../../executables/dijkstrasud64.exe;7531
../../executables/dijkstrasud64.exe;7552
../../executables/dijkstrasud64.exe;7562
../../executables/dijkstrasud64.exe;7547
../../executables/dijkstrasud64.exe;7545
../../executables/dijkstrasud64.exe;7539
../../executables/dijkstrasud64.exe;7555
../../executables/dijkstrasud64.exe;7542
../../executables/dijkstrasud64.exe;7524
../../executables/dijkstrasud64.exe;7545
../../executables/dijkstrasud64.exe;7541
../../executables/dijkstrasud64.exe;7535
../../executables/dijkstrasud64.exe;7533
../../executables/dijkstrasud64.exe;7513
../../executables/dijkstrasud64.exe;7519
../../executables/dijkstrasud64.exe;7548
../../executables/dijkstrasud64.exe;7536
../../executables/dijkstrasud64.exe;7551
../../executables/dijkstrasud64.exe;7551
../../executables/dijkstrasud64.exe;7543
../../executables/dijkstrasud64.exe;7541
../../executables/dijkstrasud64.exe;7530
../../executables/dijkstrasud64.exe;7535
../../executables/dijkstrasud64.exe;7534
../../executables/dijkstrasud64.exe;7553
../../executables/dijkstrasud64.exe;7542
../../executables/dijkstrasud64.exe;7529
../../executables/dijkstrasud64.exe;7556
../../executables/dijkstrasud64.exe;7551
../../executables/dijkstrasud64.exe;7557
../../executables/dijkstrasud64.exe;7537
../../executables/dijkstrasud64.exe;7556
../../executables/dijkstrasud64.exe;7533
../../executables/dijkstrasud64.exe;7538
../../executables/dijkstrasud64.exe;7560
../../executables/dijkstrasud64.exe;7545
../../executables/dijkstrasud64.exe;7543
../../executables/dijkstrasud64.exe;7551
../../executables/dijkstrasud64.exe;7516
../../executables/dijkstrasud64.exe;7538
../../executables/dijkstrasud64.exe;7553
../../executables/dijkstrasud64.exe;7543
../../executables/dijkstrasud64.exe;7550
../../executables/dijkstrasud64.exe;7549
../../executables/dijkstrasud64.exe;7552
../../executables/dijkstrasud64.exe;7542
../../executables/dijkstrasud64.exe;7552
../../executables/dijkstrasud64.exe;7524
../../executables/dijkstrasud64.exe;7547
../../executables/dijkstrasud64.exe;7539
../../executables/dijkstrasud64.exe;7545
../../executables/dijkstrasud64.exe;7546
../../executables/dijkstrasud64.exe;7541
../../executables/dijkstrasud64.exe;7536
../../executables/dijkstrasud64.exe;7552
../../executables/dijkstrasud64.exe;7542
../../executables/dijkstrasud64.exe;7546
../../executables/dijkstrasud64.exe;7550
../../executables/dijkstrasud64.exe;7525
../../executables/dijkstrasud64.exe;7542
../../executables/dijkstrasud64.exe;7536
../../executables/dijkstrasud64.exe;7538
../../executables/dijkstrasud64.exe;7530
../../executables/dijkstrasud64.exe;7520
../../executables/dijkstrasud64.exe;7539
../../executables/dijkstrasud64.exe;7540
../../executables/dijkstrasud64.exe;7536
../../executables/dijkstrasud64.exe;7532
../../executables/dijkstrasud64.exe;7537
../../executables/dijkstrasud64.exe;7558
../../executables/dijkstrasud64.exe;7552
../../executables/dijkstrasud64.exe;7545
../../executables/dijkstrasud64.exe;7542
../../executables/dijkstrasud64.exe;7536
../../executables/dijkstrasud64.exe;7539
../../executables/dijkstrasud64.exe;7541
../../executables/dijkstrasud64.exe;7556
../../executables/dijkstrasud64.exe;7552
../../executables/dijkstrasud64.exe;7542
../../executables/dijkstrasud64.exe;7544
../../executables/dijkstrasud64.exe;7546
../../executables/dijkstrasud64.exe;7542
../../executables/dijkstrasud64.exe;7539
../../executables/dijkstrasud64.exe;7546
../../executables/dijkstrasud64.exe;7550
../../executables/dijkstrasud64.exe;7535
../../executables/dijkstrasud64.exe;7549
../../executables/dijkstrasud64.exe;7529
../../executables/dijkstrasud64.exe;7548
../../executables/dijkstrasud64.exe;7545
../../executables/dijkstrasud64.exe;7515
../../executables/dijkstrasud64.exe;7561
../../executables/dijkstrasud64.exe;7537
../../executables/dijkstrasud64.exe;7562
../../executables/dijkstrasud64.exe;7544
../../executables/dijkstrasud64.exe;7560
../../executables/dijkstrasud64.exe;7540
../../executables/dijkstrasud64.exe;7549
../../executables/dijkstrasud64.exe;7549
../../executables/dijkstrasud64.exe;7533
../../executables/dijkstrasud64.exe;7554
../../executables/dijkstrasud64.exe;7542
../../executables/dijkstrasud64.exe;7556
../../executables/dijkstrasud64.exe;7559
../../executables/dijkstrasud64.exe;7527
../../executables/dijkstrasud64.exe;7544
../../executables/dijkstrasud64.exe;7543
../../executables/dijkstrasud64.exe;7543
../../executables/dijkstrasud64.exe;7534
../../executables/dijkstrasud64.exe;7539
../../executables/dijkstrasud64.exe;7561
../../executables/dijkstrasud64.exe;7552
../../executables/dijkstrasud64.exe;7541
../../executables/dijkstrasud64.exe;7520
../../executables/dijkstrasud64.exe;7558
../../executables/dijkstrasud64.exe;7541
../../executables/dijkstrasud64.exe;7555
../../executables/dijkstrasud64.exe;7534
../../executables/dijkstrasud64.exe;7544
../../executables/dijkstrasud64.exe;7554
../../executables/dijkstrasud64.exe;7546
../../executables/dijkstrasud64.exe;7538
../../executables/dijkstrasud64.exe;7521
../../executables/dijkstrasud64.exe;7541
../../executables/dijkstrasud64.exe;7541
../../executables/dijkstrasud64.exe;7541
../../executables/dijkstrasud64.exe;7557
../../executables/dijkstrasud64.exe;7547
../../executables/dijkstrasud64.exe;7548
../../executables/dijkstrasud64.exe;7554
../../executables/dijkstrasud64.exe;7533
../../executables/dijkstrasud64.exe;7557
../../executables/dijkstrasud64.exe;7543
../../executables/dijkstrasud64.exe;7533
../../executables/dijkstrasud64.exe;7553
../../executables/dijkstrasud64.exe;7538
../../executables/dijkstrasud64.exe;7539
../../executables/dijkstrasud64.exe;7535
../../executables/dijkstrasud64.exe;7531
../../executables/dijkstrasud64.exe;7545
../../executables/dijkstrasud64.exe;7519
../../executables/dijkstrasud64.exe;7558
../../executables/dijkstrasud64.exe;7548
../../executables/dijkstrasud64.exe;7530
../../executables/dijkstrasud64.exe;7550
../../executables/dijkstrasud64.exe;7523
../../executables/dijkstrasud64.exe;7537
../../executables/dijkstrasud64.exe;7527
../../executables/dijkstrasud64.exe;7545
../../executables/dijkstrasud64.exe;7526
../../executables/dijkstrasud64.exe;7532
../../executables/dijkstrasud64.exe;7528
../../executables/dijkstrasud64.exe;7537
../../executables/dijkstrasud64.exe;7549
../../executables/dijkstrasud64.exe;7545
../../executables/dijkstrasud64.exe;7542
../../executables/dijkstrasud64.exe;7541
../../executables/dijkstrasud64.exe;7554
../../executables/dijkstrasud64.exe;7518
../../executables/dijkstrasud64.exe;7539
../../executables/dijkstrasud64.exe;7555
../../executables/dijkstrasud64.exe;7559
../../executables/dijkstrasud64.exe;7558
../../executables/dijkstrasud64.exe;7533
../../executables/dijkstrasud64.exe;7549
../../executables/dijkstrasud64.exe;7551
../../executables/dijkstrasud64.exe;7547
../../executables/dijkstrasud64.exe;7559
../../executables/dijkstrasud64.exe;7553
../../executables/dijkstrasud64.exe;7554
../../executables/dijkstrasud64.exe;7550
../../executables/dijkstrasud64.exe;7568
../../executables/dijkstrasud64.exe;7551
../../executables/dijkstrasud64.exe;7548
../../executables/dijkstrasud64.exe;7543
../../executables/dijkstrasud64.exe;7550
../../executables/dijkstrasud64.exe;7532
../../executables/dijkstrasud64.exe;7543
../../executables/dijkstrasud64.exe;7538
../../executables/dijkstrasud64.exe;7516
../../executables/dijkstrasud64.exe;7550
../../executables/dijkstrasud64.exe;7541
../../executables/dijkstrasud64.exe;7568
../../executables/dijkstrasud64.exe;7503
../../executables/dijkstrasud64.exe;7514
../../executables/dijkstrasud64.exe;7539
../../executables/dijkstrasud64.exe;7558
../../executables/dijkstrasud64.exe;7551
../../executables/dijkstrasud64.exe;7549
../../executables/dijkstrasud64.exe;7543
../../executables/dijkstrasud64.exe;7540
../../executables/dijkstrasud64.exe;7545
../../executables/dijkstrasud64.exe;7544
../../executables/dijkstrasud64.exe;7546
../../executables/dijkstrasud64.exe;7542
../../executables/dijkstrasud64.exe;7557
../../executables/dijkstrasud64.exe;7520
../../executables/dijkstrasud64.exe;7529
../../executables/dijkstrasud64.exe;7516
../../executables/dijkstrasud64.exe;7562
../../executables/dijkstrasud64.exe;7542
../../executables/dijkstrasud64.exe;7537
../../executables/dijkstrasud64.exe;7560
../../executables/dijkstrasud64.exe;7552
../../executables/dijkstrasud64.exe;7548
../../executables/dijkstrasud64.exe;7540
../../executables/dijkstrasud64.exe;7524
../../executables/dijkstrasud64.exe;7552
../../executables/dijkstrasud64.exe;7539
../../executables/dijkstrasud64.exe;7501
../../executables/dijkstrasud64.exe;7543
../../executables/dijkstrasud64.exe;7544
../../executables/dijkstrasud64.exe;7556
../../executables/dijkstrasud64.exe;7543
../../executables/dijkstrasud64.exe;7535
../../executables/dijkstrasud64.exe;7548
../../executables/dijkstrasud64.exe;7524
../../executables/dijkstrasud64.exe;7531
../../executables/dijkstrasud64.exe;7539
../../executables/dijkstrasud64.exe;7543
../../executables/dijkstrasud64.exe;7544
../../executables/dijkstrasud64.exe;7555
../../executables/dijkstrasud64.exe;7531
../../executables/dijkstrasud64.exe;7550
../../executables/dijkstrasud64.exe;7541
../../executables/dijkstrasud64.exe;7551
../../executables/dijkstrasud64.exe;7550
../../executables/dijkstrasud64.exe;7557
../../executables/dijkstrasud64.exe;7548
../../executables/dijkstrasud64.exe;7554
../../executables/dijkstrasud64.exe;7539
../../executables/dijkstrasud64.exe;7550
../../executables/dijkstrasud64.exe;7566
../../executables/dijkstrasud64.exe;7534
../../executables/dijkstrasud64.exe;7548
../../executables/dijkstrasud64.exe;7544
../../executables/dijkstrasud64.exe;7555
../../executables/dijkstrasud64.exe;7553
../../executables/dijkstrasud64.exe;7529
../../executables/dijkstrasud64.exe;7541
../../executables/dijkstrasud64.exe;7536
../../executables/dijkstrasud64.exe;7542
../../executables/dijkstrasud64.exe;7541
